<?xml version="1.0" encoding="UTF-8"?>
<!-- Generated by org.testng.reporters.JUnitReportReporter -->
<testsuite hostname="Ragavi" failures="0" tests="3" name="com.vTiger.contactTest.createContact_Test" time="54.122" errors="0" timestamp="2024-08-21T15:57:11 IST" skipped="0">
  <testcase classname="com.vTiger.contactTest.createContact_Test" name="createContactWithSupportDate" time="14.730"/>
  <system-out/>
  <testcase classname="com.vTiger.contactTest.createContact_Test" name="createContacts" time="14.094"/>
  <system-out/>
  <testcase classname="com.vTiger.contactTest.createContact_Test" name="createContactWithOrganization" time="25.298"/>
  <system-out/>
</testsuite> <!-- com.vTiger.contactTest.createContact_Test -->
