<?xml version="1.0" encoding="UTF-8"?>
<!-- Generated by org.testng.reporters.JUnitReportReporter -->
<testsuite hostname="Ragavi" failures="0" tests="3" name="com.vTiger.organizationTest.createOrganization_Test" time="32.252" errors="0" timestamp="2024-08-21T15:57:11 IST" skipped="0">
  <testcase classname="com.vTiger.organizationTest.createOrganization_Test" name="createOrganizationWithIndustryType" time="11.437"/>
  <system-out/>
  <testcase classname="com.vTiger.organizationTest.createOrganization_Test" name="createOrganizations" time="10.575"/>
  <system-out/>
  <testcase classname="com.vTiger.organizationTest.createOrganization_Test" name="createOrganizationWithPhoneNumber" time="10.240"/>
  <system-out/>
</testsuite> <!-- com.vTiger.organizationTest.createOrganization_Test -->
