<?xml version="1.0" encoding="UTF-8"?>
<!-- Generated by org.testng.reporters.JUnitReportReporter -->
<testsuite hostname="Ragavi" failures="0" tests="3" name="TestNGPracticeTest.DataProviderEg1" time="0.013" errors="0" timestamp="2024-08-20T18:18:57 IST" skipped="0">
  <testcase classname="TestNGPracticeTest.DataProviderEg1" name="createContact" time="0.007"/>
  <system-out/>
  <testcase classname="TestNGPracticeTest.DataProviderEg1" name="createContact" time="0.004"/>
  <system-out/>
  <testcase classname="TestNGPracticeTest.DataProviderEg1" name="createContact" time="0.002"/>
  <system-out/>
</testsuite> <!-- TestNGPracticeTest.DataProviderEg1 -->
