<?xml version="1.0" encoding="UTF-8"?>
<!-- Generated by org.testng.reporters.JUnitReportReporter -->
<testsuite hostname="Ragavi" failures="0" tests="1" name="com.vTiger.contactTest.CreateContact_Test" time="120.929" errors="0" timestamp="2024-09-04T11:17:42 IST" skipped="0">
  <testcase classname="com.vTiger.contactTest.CreateContact_Test" name="createContact_Test" time="120.929"/>
  <system-out>
    <![CDATA[createContact_TestTest started
createContact_TestTest success]]>
  </system-out>
</testsuite> <!-- com.vTiger.contactTest.CreateContact_Test -->
