<?xml version="1.0" encoding="UTF-8"?>
<!-- Generated by org.testng.reporters.JUnitReportReporter -->
<testsuite hostname="Ragavi" failures="0" tests="1" name="TestNGPracticeTest.SampleExtentReport" time="5.485" errors="0" timestamp="2024-08-28T12:41:50 IST" skipped="0">
  <testcase classname="TestNGPracticeTest.SampleExtentReport" name="createContactTest" time="5.485"/>
  <system-out/>
</testsuite> <!-- TestNGPracticeTest.SampleExtentReport -->
