<?xml version="1.0" encoding="UTF-8"?>
<!-- Generated by org.testng.reporters.JUnitReportReporter -->
<testsuite hostname="Ragavi" failures="0" tests="3" name="com.vTiger.organizationTest.CreateOrganization_Test" time="41.769" errors="0" timestamp="2024-08-28T17:43:47 IST" skipped="0">
  <testcase classname="com.vTiger.organizationTest.CreateOrganization_Test" name="createOrganizationWithPhoneNumber_Test" time="12.941"/>
  <system-out>
    <![CDATA[createOrganizationWithPhoneNumber_TestTest started
createOrganizationWithPhoneNumber_TestTest success]]>
  </system-out>
  <testcase classname="com.vTiger.organizationTest.CreateOrganization_Test" name="createOrganizationWithIndustryType_Test" time="15.540"/>
  <system-out>
    <![CDATA[createOrganizationWithIndustryType_TestTest started
createOrganizationWithIndustryType_TestTest success]]>
  </system-out>
  <testcase classname="com.vTiger.organizationTest.CreateOrganization_Test" name="createOrganization_Test" time="13.288"/>
  <system-out>
    <![CDATA[createOrganization_TestTest started
createOrganization_TestTest success]]>
  </system-out>
</testsuite> <!-- com.vTiger.organizationTest.CreateOrganization_Test -->
