<?xml version="1.0" encoding="UTF-8"?>
<!-- Generated by org.testng.reporters.JUnitReportReporter -->
<testsuite hostname="Ragavi" failures="0" tests="3" name="TestNGPracticeTest.DataProviderEg2" time="96.459" errors="0" timestamp="2024-08-21T10:10:39 IST" skipped="0">
  <testcase classname="TestNGPracticeTest.DataProviderEg2" name="printPrice" time="27.968"/>
  <system-out/>
  <testcase classname="TestNGPracticeTest.DataProviderEg2" name="printPrice" time="34.573"/>
  <system-out/>
  <testcase classname="TestNGPracticeTest.DataProviderEg2" name="printPrice" time="33.918"/>
  <system-out/>
</testsuite> <!-- TestNGPracticeTest.DataProviderEg2 -->
